<?xml version="1.0" encoding="UTF-8"?>
<!-- Generated by org.testng.reporters.JUnitReportReporter -->
<testsuite skipped="0" hostname="LT075251" name="tests.TC001_CreateLead" tests="1" failures="0" timestamp="01 Sep 2018 04:47:14 GMT" time="27.915" errors="0">
  <testcase name="createLead" time="27.915" classname="tests.TC001_CreateLead"/>
</testsuite> <!-- tests.TC001_CreateLead -->
