<?xml version="1.0" encoding="UTF-8"?>
<!-- Generated by org.testng.reporters.JUnitReportReporter -->
<testsuite skipped="0" hostname="LT075251" name="bankbazzarTestcases.TC001_Bank" tests="1" failures="0" timestamp="09 Sep 2018 07:09:18 GMT" time="32.556" errors="0">
  <testcase name="selectInvesments" time="32.556" classname="bankbazzarTestcases.TC001_Bank"/>
</testsuite> <!-- bankbazzarTestcases.TC001_Bank -->
