<?xml version="1.0" encoding="UTF-8"?>
<!-- Generated by org.testng.reporters.JUnitReportReporter -->
<testsuite skipped="0" hostname="LT075251" name="tests.TC003_DeleteLead" tests="2" failures="0" timestamp="01 Sep 2018 18:41:54 GMT" time="51.053" errors="0">
  <testcase name="deleteLead" time="24.469" classname="tests.TC003_DeleteLead"/>
  <testcase name="deleteLead" time="26.584" classname="tests.TC003_DeleteLead"/>
</testsuite> <!-- tests.TC003_DeleteLead -->
