<?xml version="1.0" encoding="UTF-8"?>
<!-- Generated by org.testng.reporters.JUnitReportReporter -->
<testsuite skipped="0" hostname="LT075251" name="tests.TC002_EditLead" tests="1" failures="0" timestamp="01 Sep 2018 05:28:35 GMT" time="29.775" errors="0">
  <testcase name="editLead" time="29.775" classname="tests.TC002_EditLead"/>
</testsuite> <!-- tests.TC002_EditLead -->
